<?xml version="1.0" encoding="UTF-8"?>
<!-- Generated by org.testng.reporters.JUnitXMLReporter -->
<testsuite ignored="0" hostname="DESKTOP-MAPJBAS" failures="1" tests="2" name="Test" time="4.481" errors="0" timestamp="2024-08-08T12:54:43 IST">
  <testcase classname="api.testvalidation.UserValidation" name="CreateUser" time="3.67"/>
  <testcase classname="api.testvalidation.UserValidation" name="getUser" time="0.443">
    <failure type="java.lang.AssertionError" message="expected [200] but found [404]">
      <![CDATA[java.lang.AssertionError: expected [200] but found [404]
at api.testvalidation.UserValidation.getUser(UserValidation.java:50)
at java.base/java.util.ArrayList.forEach(ArrayList.java:1596)
... Removed 36 stack frames]]>
    </failure>
  </testcase> <!-- getUser -->
</testsuite> <!-- Test -->
